[debug] [2021-07-27T22:04:28.168Z] ----------------------------------------------------------------------
[debug] [2021-07-27T22:04:28.170Z] Command:       C:\Program Files\nodejs\node.exe C:\Users\noe_g\AppData\Roaming\npm\node_modules\firebase-tools\lib\bin\firebase.js deploy
[debug] [2021-07-27T22:04:28.171Z] CLI Version:   9.16.0
[debug] [2021-07-27T22:04:28.171Z] Platform:      win32
[debug] [2021-07-27T22:04:28.171Z] Node Version:  v14.15.4
[debug] [2021-07-27T22:04:28.172Z] Time:          Tue Jul 27 2021 17:04:28 GMT-0500 (hora de verano central)
[debug] [2021-07-27T22:04:28.172Z] ----------------------------------------------------------------------
[debug] 
[debug] [2021-07-27T22:04:28.231Z] > command requires scopes: ["email","openid","https://www.googleapis.com/auth/cloudplatformprojects.readonly","https://www.googleapis.com/auth/firebase","https://www.googleapis.com/auth/cloud-platform"]
[debug] [2021-07-27T22:04:28.231Z] > authorizing via signed-in user (noesm.16@gmail.com)
[debug] [2021-07-27T22:04:28.232Z] [iam] checking project socialape-367fc for permissions ["cloudfunctions.functions.create","cloudfunctions.functions.delete","cloudfunctions.functions.get","cloudfunctions.functions.list","cloudfunctions.functions.update","cloudfunctions.operations.get","firebase.projects.get"]
[debug] [2021-07-27T22:04:28.234Z] > refreshing access token with scopes: ["email","https://www.googleapis.com/auth/cloud-platform","https://www.googleapis.com/auth/cloudplatformprojects.readonly","https://www.googleapis.com/auth/firebase","openid"]
[debug] [2021-07-27T22:04:28.234Z] >>> HTTP REQUEST POST https://www.googleapis.com/oauth2/v3/token  
 <request body omitted>
[debug] [2021-07-27T22:04:28.455Z] <<< HTTP RESPONSE 200 {"date":"Tue, 27 Jul 2021 22:04:28 GMT","pragma":"no-cache","cache-control":"no-cache, no-store, max-age=0, must-revalidate","expires":"Mon, 01 Jan 1990 00:00:00 GMT","content-type":"application/json; charset=utf-8","vary":"X-Origin, Referer, Origin,Accept-Encoding","server":"scaffolding on HTTPServer2","x-xss-protection":"0","x-frame-options":"SAMEORIGIN","x-content-type-options":"nosniff","alt-svc":"h3=\":443\"; ma=2592000,h3-29=\":443\"; ma=2592000,h3-T051=\":443\"; ma=2592000,h3-Q050=\":443\"; ma=2592000,h3-Q046=\":443\"; ma=2592000,h3-Q043=\":443\"; ma=2592000,quic=\":443\"; ma=2592000; v=\"46,43\"","accept-ranges":"none","transfer-encoding":"chunked"}
[debug] [2021-07-27T22:04:28.520Z] >>> HTTP REQUEST POST https://cloudresourcemanager.googleapis.com/v1/projects/socialape-367fc:testIamPermissions  
 {"permissions":["cloudfunctions.functions.create","cloudfunctions.functions.delete","cloudfunctions.functions.get","cloudfunctions.functions.list","cloudfunctions.functions.update","cloudfunctions.operations.get","firebase.projects.get"]}
[debug] [2021-07-27T22:04:28.864Z] <<< HTTP RESPONSE 200 {"content-type":"application/json; charset=UTF-8","vary":"X-Origin, Referer, Origin,Accept-Encoding","date":"Tue, 27 Jul 2021 22:04:28 GMT","server":"ESF","cache-control":"private","x-xss-protection":"0","x-frame-options":"SAMEORIGIN","x-content-type-options":"nosniff","server-timing":"gfet4t7; dur=211","alt-svc":"h3=\":443\"; ma=2592000,h3-29=\":443\"; ma=2592000,h3-T051=\":443\"; ma=2592000,h3-Q050=\":443\"; ma=2592000,h3-Q046=\":443\"; ma=2592000,h3-Q043=\":443\"; ma=2592000,quic=\":443\"; ma=2592000; v=\"46,43\"","accept-ranges":"none","transfer-encoding":"chunked"}
[debug] [2021-07-27T22:04:28.865Z] >>> HTTP REQUEST POST https://iam.googleapis.com/v1/projects/socialape-367fc/serviceAccounts/socialape-367fc@appspot.gserviceaccount.com:testIamPermissions  
 {"permissions":["iam.serviceAccounts.actAs"]}
[debug] [2021-07-27T22:04:29.279Z] <<< HTTP RESPONSE 200 {"content-type":"application/json; charset=UTF-8","vary":"X-Origin, Referer, Origin,Accept-Encoding","date":"Tue, 27 Jul 2021 22:04:29 GMT","server":"ESF","cache-control":"private","x-xss-protection":"0","x-frame-options":"SAMEORIGIN","x-content-type-options":"nosniff","alt-svc":"h3=\":443\"; ma=2592000,h3-29=\":443\"; ma=2592000,h3-T051=\":443\"; ma=2592000,h3-Q050=\":443\"; ma=2592000,h3-Q046=\":443\"; ma=2592000,h3-Q043=\":443\"; ma=2592000,quic=\":443\"; ma=2592000; v=\"46,43\"","accept-ranges":"none","transfer-encoding":"chunked"}
[info] 
[info] === Deploying to 'socialape-367fc'...
[info] 
[info] i  deploying functions 
[debug] [2021-07-27T22:04:29.287Z] Validating nodejs source
[debug] [2021-07-27T22:04:37.248Z] > [functions] package.json contents: {
  "name": "functions",
  "description": "Cloud Functions for Firebase",
  "scripts": {
    "serve": "firebase emulators:start --only functions",
    "shell": "firebase functions:shell",
    "start": "npm run shell",
    "deploy": "firebase deploy --only functions",
    "logs": "firebase functions:log"
  },
  "engines": {
    "node": "14"
  },
  "main": "index.js",
  "dependencies": {
    "busboy": "^0.3.1",
    "express": "^4.17.1",
    "firebase": "^8.7.1",
    "firebase-admin": "^9.8.0",
    "firebase-functions": "^3.14.1"
  },
  "devDependencies": {
    "firebase-functions-test": "^0.2.0"
  },
  "private": true
}
[debug] [2021-07-27T22:04:37.248Z] Building nodejs source
[info] i  functions: ensuring required API cloudfunctions.googleapis.com is enabled... 
[info] i  functions: ensuring required API cloudbuild.googleapis.com is enabled... 
[debug] [2021-07-27T22:04:37.251Z] >>> HTTP REQUEST GET https://serviceusage.googleapis.com/v1/projects/socialape-367fc/services/cloudfunctions.googleapis.com  
 
[debug] [2021-07-27T22:04:37.251Z] >>> HTTP REQUEST GET https://serviceusage.googleapis.com/v1/projects/socialape-367fc/services/runtimeconfig.googleapis.com  
 
[debug] [2021-07-27T22:04:37.252Z] >>> HTTP REQUEST GET https://serviceusage.googleapis.com/v1/projects/socialape-367fc/services/cloudbuild.googleapis.com  
 
[debug] [2021-07-27T22:04:37.780Z] <<< HTTP RESPONSE 200 {"content-type":"application/json; charset=UTF-8","vary":"X-Origin, Referer, Origin,Accept-Encoding","date":"Tue, 27 Jul 2021 22:04:37 GMT","server":"ESF","cache-control":"private","x-xss-protection":"0","x-frame-options":"SAMEORIGIN","x-content-type-options":"nosniff","alt-svc":"h3=\":443\"; ma=2592000,h3-29=\":443\"; ma=2592000,h3-T051=\":443\"; ma=2592000,h3-Q050=\":443\"; ma=2592000,h3-Q046=\":443\"; ma=2592000,h3-Q043=\":443\"; ma=2592000,quic=\":443\"; ma=2592000; v=\"46,43\"","accept-ranges":"none","transfer-encoding":"chunked"}
[debug] [2021-07-27T22:04:37.835Z] <<< HTTP RESPONSE 200 {"content-type":"application/json; charset=UTF-8","vary":"X-Origin, Referer, Origin,Accept-Encoding","date":"Tue, 27 Jul 2021 22:04:37 GMT","server":"ESF","cache-control":"private","x-xss-protection":"0","x-frame-options":"SAMEORIGIN","x-content-type-options":"nosniff","alt-svc":"h3=\":443\"; ma=2592000,h3-29=\":443\"; ma=2592000,h3-T051=\":443\"; ma=2592000,h3-Q050=\":443\"; ma=2592000,h3-Q046=\":443\"; ma=2592000,h3-Q043=\":443\"; ma=2592000,quic=\":443\"; ma=2592000; v=\"46,43\"","accept-ranges":"none","transfer-encoding":"chunked"}
[info] +  functions: required API cloudbuild.googleapis.com is enabled 
[debug] [2021-07-27T22:04:37.864Z] <<< HTTP RESPONSE 200 {"content-type":"application/json; charset=UTF-8","vary":"X-Origin, Referer, Origin,Accept-Encoding","date":"Tue, 27 Jul 2021 22:04:37 GMT","server":"ESF","cache-control":"private","x-xss-protection":"0","x-frame-options":"SAMEORIGIN","x-content-type-options":"nosniff","alt-svc":"h3=\":443\"; ma=2592000,h3-29=\":443\"; ma=2592000,h3-T051=\":443\"; ma=2592000,h3-Q050=\":443\"; ma=2592000,h3-Q046=\":443\"; ma=2592000,h3-Q043=\":443\"; ma=2592000,quic=\":443\"; ma=2592000; v=\"46,43\"","accept-ranges":"none","transfer-encoding":"chunked"}
[info] +  functions: required API cloudfunctions.googleapis.com is enabled 
[debug] [2021-07-27T22:04:37.866Z] >>> HTTP REQUEST GET https://firebase.googleapis.com/v1beta1/projects/socialape-367fc/adminSdkConfig  
 
[debug] [2021-07-27T22:04:38.186Z] <<< HTTP RESPONSE 200 {"content-type":"application/json; charset=UTF-8","vary":"X-Origin, Referer, Origin,Accept-Encoding","date":"Tue, 27 Jul 2021 22:04:38 GMT","server":"ESF","cache-control":"private","x-xss-protection":"0","x-frame-options":"SAMEORIGIN","x-content-type-options":"nosniff","alt-svc":"h3=\":443\"; ma=2592000,h3-29=\":443\"; ma=2592000,h3-T051=\":443\"; ma=2592000,h3-Q050=\":443\"; ma=2592000,h3-Q046=\":443\"; ma=2592000,h3-Q043=\":443\"; ma=2592000,quic=\":443\"; ma=2592000; v=\"46,43\"","accept-ranges":"none","transfer-encoding":"chunked"}
[debug] [2021-07-27T22:04:38.187Z] >>> HTTP REQUEST GET https://runtimeconfig.googleapis.com/v1beta1/projects/socialape-367fc/configs  
 
[debug] [2021-07-27T22:04:38.529Z] <<< HTTP RESPONSE 200 {"content-type":"application/json; charset=UTF-8","vary":"X-Origin, Referer, Origin,Accept-Encoding","date":"Tue, 27 Jul 2021 22:04:38 GMT","server":"ESF","cache-control":"private","x-xss-protection":"0","x-frame-options":"SAMEORIGIN","x-content-type-options":"nosniff","alt-svc":"h3=\":443\"; ma=2592000,h3-29=\":443\"; ma=2592000,h3-T051=\":443\"; ma=2592000,h3-Q050=\":443\"; ma=2592000,h3-Q046=\":443\"; ma=2592000,h3-Q043=\":443\"; ma=2592000,quic=\":443\"; ma=2592000; v=\"46,43\"","accept-ranges":"none","transfer-encoding":"chunked"}
[debug] [2021-07-27T22:04:38.530Z] Analyzing nodejs backend spec
[info] i  functions: preparing functions directory for uploading... 
[info] i  functions: packaged functions (35.19 KB) for uploading 
[debug] [2021-07-27T22:04:39.147Z] >>> HTTP REQUEST GET https://cloudfunctions.googleapis.com/v1/projects/socialape-367fc/locations/-/functions  
 
[debug] [2021-07-27T22:04:39.738Z] <<< HTTP RESPONSE 200 {"content-type":"application/json; charset=UTF-8","vary":"X-Origin, Referer, Origin,Accept-Encoding","date":"Tue, 27 Jul 2021 22:04:39 GMT","server":"ESF","cache-control":"private","x-xss-protection":"0","x-frame-options":"SAMEORIGIN","x-content-type-options":"nosniff","alt-svc":"h3=\":443\"; ma=2592000,h3-29=\":443\"; ma=2592000,h3-T051=\":443\"; ma=2592000,h3-Q050=\":443\"; ma=2592000,h3-Q046=\":443\"; ma=2592000,h3-Q043=\":443\"; ma=2592000,quic=\":443\"; ma=2592000; v=\"46,43\"","accept-ranges":"none","transfer-encoding":"chunked"}
[debug] [2021-07-27T22:04:39.740Z] >>> HTTP REQUEST POST https://cloudfunctions.googleapis.com/v1/projects/socialape-367fc/locations/us-central1/functions:generateUploadUrl  
 
[debug] [2021-07-27T22:04:40.396Z] <<< HTTP RESPONSE 200 {"content-type":"application/json; charset=UTF-8","vary":"X-Origin, Referer, Origin,Accept-Encoding","date":"Tue, 27 Jul 2021 22:04:40 GMT","server":"ESF","cache-control":"private","x-xss-protection":"0","x-frame-options":"SAMEORIGIN","x-content-type-options":"nosniff","alt-svc":"h3=\":443\"; ma=2592000,h3-29=\":443\"; ma=2592000,h3-T051=\":443\"; ma=2592000,h3-Q050=\":443\"; ma=2592000,h3-Q046=\":443\"; ma=2592000,h3-Q043=\":443\"; ma=2592000,quic=\":443\"; ma=2592000; v=\"46,43\"","accept-ranges":"none","transfer-encoding":"chunked"}
[debug] [2021-07-27T22:04:40.397Z] >>> HTTP REQUEST PUT https://storage.googleapis.com/gcf-upload-us-central1-fe3fd6b7-21a2-4606-8e5e-ae5ddcd54ccf/5e0f964b-a21d-47fe-9204-067c2478787d.zip?GoogleAccessId=service-201105613195@gcf-admin-robot.iam.gserviceaccount.com&Expires=1627425280&Signature=dtfSHEaavNQH%2ByzJM%2FVQMVF5tupORRcQB1li%2BLczYCmHH0EoHYt5%2B0O0llkRWuR57TjDFvf3gQip0JPdTNK4dkja9nLtLl%2F4pMjN7iMBD5htQX8n5vfkIa1LMk66iXG%2Bcfr%2BgzNoEwGD7PuzMWYhj%2Bxzwn2g6BAICsqoD6Eqm3gjeX4V0gp9sToPLuttq%2BVBJakoGLlnToiHqHPDKnhP%2FrF2sWqePticyJPDk4UTVpyH6kctUT2G9S4%2BwXgqehUkzxjcDln3DVbDpnE9fJBedw6XuMPf1%2BKd1LDKWyCZ6Mp9YDFKsjov9QhEfkZOGYed94A683zSNY7ULyeOMKZIlA%3D%3D  
 <request body omitted>
[debug] [2021-07-27T22:04:40.756Z] <<< HTTP RESPONSE 200 {"x-guploader-uploadid":"ADPycdsA0icp-VW_jD5hic9K_dqxOwGH7GJE425d18VuFUxtcCIX5qtFYqgZctzTK3TnlnxQzV_AZwm1MbhY-92_beTdlbPGkw","etag":"\"fda4e4543112311e65c2019732dabdd1\"","x-goog-generation":"1627423480745638","x-goog-metageneration":"1","x-goog-hash":"crc32c=espTeA==, md5=/aTkVDESMR5lwgGXMtq90Q==","x-goog-stored-content-length":"36034","x-goog-stored-content-encoding":"identity","vary":"Origin","content-length":"0","date":"Tue, 27 Jul 2021 22:04:40 GMT","server":"UploadServer","content-type":"text/html; charset=UTF-8","alt-svc":"h3=\":443\"; ma=2592000,h3-29=\":443\"; ma=2592000,h3-T051=\":443\"; ma=2592000,h3-Q050=\":443\"; ma=2592000,h3-Q046=\":443\"; ma=2592000,h3-Q043=\":443\"; ma=2592000,quic=\":443\"; ma=2592000; v=\"46,43\""}
[info] +  functions: functions folder uploaded successfully 
[info] i  functions: updating Node.js 14 function api(us-central1)... 
[debug] [2021-07-27T22:04:40.762Z] >>> HTTP REQUEST PATCH https://cloudfunctions.googleapis.com/v1/projects/socialape-367fc/locations/us-central1/functions/api {"updateMask":"name,sourceUploadUrl,entryPoint,runtime,httpsTrigger.securityLevel,labels,environmentVariables"} 
 {"name":"projects/socialape-367fc/locations/us-central1/functions/api","sourceUploadUrl":"https://storage.googleapis.com/gcf-upload-us-central1-fe3fd6b7-21a2-4606-8e5e-ae5ddcd54ccf/5e0f964b-a21d-47fe-9204-067c2478787d.zip?GoogleAccessId=service-201105613195@gcf-admin-robot.iam.gserviceaccount.com&Expires=1627425280&Signature=dtfSHEaavNQH%2ByzJM%2FVQMVF5tupORRcQB1li%2BLczYCmHH0EoHYt5%2B0O0llkRWuR57TjDFvf3gQip0JPdTNK4dkja9nLtLl%2F4pMjN7iMBD5htQX8n5vfkIa1LMk66iXG%2Bcfr%2BgzNoEwGD7PuzMWYhj%2Bxzwn2g6BAICsqoD6Eqm3gjeX4V0gp9sToPLuttq%2BVBJakoGLlnToiHqHPDKnhP%2FrF2sWqePticyJPDk4UTVpyH6kctUT2G9S4%2BwXgqehUkzxjcDln3DVbDpnE9fJBedw6XuMPf1%2BKd1LDKWyCZ6Mp9YDFKsjov9QhEfkZOGYed94A683zSNY7ULyeOMKZIlA%3D%3D","entryPoint":"api","runtime":"nodejs14","httpsTrigger":{"securityLevel":"SECURE_OPTIONAL"},"labels":{"deployment-tool":"cli-firebase"},"environmentVariables":{"FIREBASE_CONFIG":"{\"projectId\":\"socialape-367fc\",\"storageBucket\":\"socialape-367fc.appspot.com\",\"locationId\":\"us-central\"}"}}
[debug] [2021-07-27T22:04:41.290Z] <<< HTTP RESPONSE 200 {"content-type":"application/json; charset=UTF-8","vary":"X-Origin, Referer, Origin,Accept-Encoding","date":"Tue, 27 Jul 2021 22:04:41 GMT","server":"ESF","cache-control":"private","x-xss-protection":"0","x-frame-options":"SAMEORIGIN","x-content-type-options":"nosniff","alt-svc":"h3=\":443\"; ma=2592000,h3-29=\":443\"; ma=2592000,h3-T051=\":443\"; ma=2592000,h3-Q050=\":443\"; ma=2592000,h3-Q046=\":443\"; ma=2592000,h3-Q043=\":443\"; ma=2592000,quic=\":443\"; ma=2592000; v=\"46,43\"","accept-ranges":"none","transfer-encoding":"chunked"}
[debug] [2021-07-27T22:04:41.292Z] > refreshing access token with scopes: []
[debug] [2021-07-27T22:04:41.292Z] >>> HTTP REQUEST POST https://www.googleapis.com/oauth2/v3/token  
 <request body omitted>
[debug] [2021-07-27T22:04:41.481Z] <<< HTTP RESPONSE 200 {"pragma":"no-cache","expires":"Mon, 01 Jan 1990 00:00:00 GMT","cache-control":"no-cache, no-store, max-age=0, must-revalidate","date":"Tue, 27 Jul 2021 22:04:41 GMT","content-type":"application/json; charset=utf-8","vary":"X-Origin, Referer, Origin,Accept-Encoding","server":"scaffolding on HTTPServer2","x-xss-protection":"0","x-frame-options":"SAMEORIGIN","x-content-type-options":"nosniff","alt-svc":"h3=\":443\"; ma=2592000,h3-29=\":443\"; ma=2592000,h3-T051=\":443\"; ma=2592000,h3-Q050=\":443\"; ma=2592000,h3-Q046=\":443\"; ma=2592000,h3-Q043=\":443\"; ma=2592000,quic=\":443\"; ma=2592000; v=\"46,43\"","accept-ranges":"none","transfer-encoding":"chunked"}
[debug] [2021-07-27T22:04:41.539Z] >>> [apiv2][query] GET https://cloudfunctions.googleapis.com/v1/operations/c29jaWFsYXBlLTM2N2ZjL3VzLWNlbnRyYWwxL2FwaS9JV19KUDFzRUxWTQ [none]
[debug] [2021-07-27T22:04:41.758Z] <<< [apiv2][status] GET https://cloudfunctions.googleapis.com/v1/operations/c29jaWFsYXBlLTM2N2ZjL3VzLWNlbnRyYWwxL2FwaS9JV19KUDFzRUxWTQ 200
[debug] [2021-07-27T22:04:41.758Z] <<< [apiv2][body] GET https://cloudfunctions.googleapis.com/v1/operations/c29jaWFsYXBlLTM2N2ZjL3VzLWNlbnRyYWwxL2FwaS9JV19KUDFzRUxWTQ {"name":"operations/c29jaWFsYXBlLTM2N2ZjL3VzLWNlbnRyYWwxL2FwaS9JV19KUDFzRUxWTQ","metadata":{"@type":"type.googleapis.com/google.cloud.functions.v1.OperationMetadataV1","target":"projects/socialape-367fc/locations/us-central1/functions/api","type":"UPDATE_FUNCTION","request":{"@type":"type.googleapis.com/google.cloud.functions.v1.CloudFunction","name":"projects/socialape-367fc/locations/us-central1/functions/api","httpsTrigger":{"url":"https://us-central1-socialape-367fc.cloudfunctions.net/api","securityLevel":"SECURE_OPTIONAL"},"status":"ACTIVE","entryPoint":"api","timeout":"60s","availableMemoryMb":256,"serviceAccountEmail":"socialape-367fc@appspot.gserviceaccount.com","updateTime":"2021-07-25T00:26:26.315Z","versionId":"7","labels":{"deployment-tool":"cli-firebase"},"sourceUploadUrl":"https://storage.googleapis.com/gcf-upload-us-central1-fe3fd6b7-21a2-4606-8e5e-ae5ddcd54ccf/5e0f964b-a21d-47fe-9204-067c2478787d.zip?GoogleAccessId=service-201105613195@gcf-admin-robot.iam.gserviceaccount.com&Expires=1627425280&Signature=dtfSHEaavNQH%2ByzJM%2FVQMVF5tupORRcQB1li%2BLczYCmHH0EoHYt5%2B0O0llkRWuR57TjDFvf3gQip0JPdTNK4dkja9nLtLl%2F4pMjN7iMBD5htQX8n5vfkIa1LMk66iXG%2Bcfr%2BgzNoEwGD7PuzMWYhj%2Bxzwn2g6BAICsqoD6Eqm3gjeX4V0gp9sToPLuttq%2BVBJakoGLlnToiHqHPDKnhP%2FrF2sWqePticyJPDk4UTVpyH6kctUT2G9S4%2BwXgqehUkzxjcDln3DVbDpnE9fJBedw6XuMPf1%2BKd1LDKWyCZ6Mp9YDFKsjov9QhEfkZOGYed94A683zSNY7ULyeOMKZIlA%3D%3D","environmentVariables":{"FIREBASE_CONFIG":"{\"projectId\":\"socialape-367fc\",\"storageBucket\":\"socialape-367fc.appspot.com\",\"locationId\":\"us-central\"}"},"runtime":"nodejs14","ingressSettings":"ALLOW_ALL","buildId":"b67c4354-5f6a-433e-8102-83ac0bf29f4d"},"versionId":"8","updateTime":"2021-07-27T22:04:41Z","buildName":"projects/201105613195/locations/us-central1/builds/b67c4354-5f6a-433e-8102-83ac0bf29f4d"}}
[debug] [2021-07-27T22:04:42.259Z] [update-projects/socialape-367fc/locations/us-central1/functions/api] Retrying task index 0
[debug] [2021-07-27T22:04:42.259Z] >>> [apiv2][query] GET https://cloudfunctions.googleapis.com/v1/operations/c29jaWFsYXBlLTM2N2ZjL3VzLWNlbnRyYWwxL2FwaS9JV19KUDFzRUxWTQ [none]
[debug] [2021-07-27T22:04:42.474Z] <<< [apiv2][status] GET https://cloudfunctions.googleapis.com/v1/operations/c29jaWFsYXBlLTM2N2ZjL3VzLWNlbnRyYWwxL2FwaS9JV19KUDFzRUxWTQ 200
[debug] [2021-07-27T22:04:42.474Z] <<< [apiv2][body] GET https://cloudfunctions.googleapis.com/v1/operations/c29jaWFsYXBlLTM2N2ZjL3VzLWNlbnRyYWwxL2FwaS9JV19KUDFzRUxWTQ {"name":"operations/c29jaWFsYXBlLTM2N2ZjL3VzLWNlbnRyYWwxL2FwaS9JV19KUDFzRUxWTQ","metadata":{"@type":"type.googleapis.com/google.cloud.functions.v1.OperationMetadataV1","target":"projects/socialape-367fc/locations/us-central1/functions/api","type":"UPDATE_FUNCTION","request":{"@type":"type.googleapis.com/google.cloud.functions.v1.CloudFunction","name":"projects/socialape-367fc/locations/us-central1/functions/api","httpsTrigger":{"url":"https://us-central1-socialape-367fc.cloudfunctions.net/api","securityLevel":"SECURE_OPTIONAL"},"status":"ACTIVE","entryPoint":"api","timeout":"60s","availableMemoryMb":256,"serviceAccountEmail":"socialape-367fc@appspot.gserviceaccount.com","updateTime":"2021-07-25T00:26:26.315Z","versionId":"7","labels":{"deployment-tool":"cli-firebase"},"sourceUploadUrl":"https://storage.googleapis.com/gcf-upload-us-central1-fe3fd6b7-21a2-4606-8e5e-ae5ddcd54ccf/5e0f964b-a21d-47fe-9204-067c2478787d.zip?GoogleAccessId=service-201105613195@gcf-admin-robot.iam.gserviceaccount.com&Expires=1627425280&Signature=dtfSHEaavNQH%2ByzJM%2FVQMVF5tupORRcQB1li%2BLczYCmHH0EoHYt5%2B0O0llkRWuR57TjDFvf3gQip0JPdTNK4dkja9nLtLl%2F4pMjN7iMBD5htQX8n5vfkIa1LMk66iXG%2Bcfr%2BgzNoEwGD7PuzMWYhj%2Bxzwn2g6BAICsqoD6Eqm3gjeX4V0gp9sToPLuttq%2BVBJakoGLlnToiHqHPDKnhP%2FrF2sWqePticyJPDk4UTVpyH6kctUT2G9S4%2BwXgqehUkzxjcDln3DVbDpnE9fJBedw6XuMPf1%2BKd1LDKWyCZ6Mp9YDFKsjov9QhEfkZOGYed94A683zSNY7ULyeOMKZIlA%3D%3D","environmentVariables":{"FIREBASE_CONFIG":"{\"projectId\":\"socialape-367fc\",\"storageBucket\":\"socialape-367fc.appspot.com\",\"locationId\":\"us-central\"}"},"runtime":"nodejs14","ingressSettings":"ALLOW_ALL","buildId":"b67c4354-5f6a-433e-8102-83ac0bf29f4d"},"versionId":"8","updateTime":"2021-07-27T22:04:41Z","buildId":"cb421cc8-2545-4df4-8d2c-ae78d0f5354c","buildName":"projects/201105613195/locations/us-central1/builds/cb421cc8-2545-4df4-8d2c-ae78d0f5354c"}}
[debug] [2021-07-27T22:04:43.475Z] [update-projects/socialape-367fc/locations/us-central1/functions/api] Retrying task index 0
[debug] [2021-07-27T22:04:43.475Z] >>> [apiv2][query] GET https://cloudfunctions.googleapis.com/v1/operations/c29jaWFsYXBlLTM2N2ZjL3VzLWNlbnRyYWwxL2FwaS9JV19KUDFzRUxWTQ [none]
[debug] [2021-07-27T22:04:43.744Z] <<< [apiv2][status] GET https://cloudfunctions.googleapis.com/v1/operations/c29jaWFsYXBlLTM2N2ZjL3VzLWNlbnRyYWwxL2FwaS9JV19KUDFzRUxWTQ 200
[debug] [2021-07-27T22:04:43.744Z] <<< [apiv2][body] GET https://cloudfunctions.googleapis.com/v1/operations/c29jaWFsYXBlLTM2N2ZjL3VzLWNlbnRyYWwxL2FwaS9JV19KUDFzRUxWTQ {"name":"operations/c29jaWFsYXBlLTM2N2ZjL3VzLWNlbnRyYWwxL2FwaS9JV19KUDFzRUxWTQ","metadata":{"@type":"type.googleapis.com/google.cloud.functions.v1.OperationMetadataV1","target":"projects/socialape-367fc/locations/us-central1/functions/api","type":"UPDATE_FUNCTION","request":{"@type":"type.googleapis.com/google.cloud.functions.v1.CloudFunction","name":"projects/socialape-367fc/locations/us-central1/functions/api","httpsTrigger":{"url":"https://us-central1-socialape-367fc.cloudfunctions.net/api","securityLevel":"SECURE_OPTIONAL"},"status":"ACTIVE","entryPoint":"api","timeout":"60s","availableMemoryMb":256,"serviceAccountEmail":"socialape-367fc@appspot.gserviceaccount.com","updateTime":"2021-07-25T00:26:26.315Z","versionId":"7","labels":{"deployment-tool":"cli-firebase"},"sourceUploadUrl":"https://storage.googleapis.com/gcf-upload-us-central1-fe3fd6b7-21a2-4606-8e5e-ae5ddcd54ccf/5e0f964b-a21d-47fe-9204-067c2478787d.zip?GoogleAccessId=service-201105613195@gcf-admin-robot.iam.gserviceaccount.com&Expires=1627425280&Signature=dtfSHEaavNQH%2ByzJM%2FVQMVF5tupORRcQB1li%2BLczYCmHH0EoHYt5%2B0O0llkRWuR57TjDFvf3gQip0JPdTNK4dkja9nLtLl%2F4pMjN7iMBD5htQX8n5vfkIa1LMk66iXG%2Bcfr%2BgzNoEwGD7PuzMWYhj%2Bxzwn2g6BAICsqoD6Eqm3gjeX4V0gp9sToPLuttq%2BVBJakoGLlnToiHqHPDKnhP%2FrF2sWqePticyJPDk4UTVpyH6kctUT2G9S4%2BwXgqehUkzxjcDln3DVbDpnE9fJBedw6XuMPf1%2BKd1LDKWyCZ6Mp9YDFKsjov9QhEfkZOGYed94A683zSNY7ULyeOMKZIlA%3D%3D","environmentVariables":{"FIREBASE_CONFIG":"{\"projectId\":\"socialape-367fc\",\"storageBucket\":\"socialape-367fc.appspot.com\",\"locationId\":\"us-central\"}"},"runtime":"nodejs14","ingressSettings":"ALLOW_ALL","buildId":"b67c4354-5f6a-433e-8102-83ac0bf29f4d"},"versionId":"8","updateTime":"2021-07-27T22:04:41Z","buildId":"cb421cc8-2545-4df4-8d2c-ae78d0f5354c","buildName":"projects/201105613195/locations/us-central1/builds/cb421cc8-2545-4df4-8d2c-ae78d0f5354c"}}
[debug] [2021-07-27T22:04:45.751Z] [update-projects/socialape-367fc/locations/us-central1/functions/api] Retrying task index 0
[debug] [2021-07-27T22:04:45.752Z] >>> [apiv2][query] GET https://cloudfunctions.googleapis.com/v1/operations/c29jaWFsYXBlLTM2N2ZjL3VzLWNlbnRyYWwxL2FwaS9JV19KUDFzRUxWTQ [none]
[debug] [2021-07-27T22:04:45.965Z] <<< [apiv2][status] GET https://cloudfunctions.googleapis.com/v1/operations/c29jaWFsYXBlLTM2N2ZjL3VzLWNlbnRyYWwxL2FwaS9JV19KUDFzRUxWTQ 200
[debug] [2021-07-27T22:04:45.965Z] <<< [apiv2][body] GET https://cloudfunctions.googleapis.com/v1/operations/c29jaWFsYXBlLTM2N2ZjL3VzLWNlbnRyYWwxL2FwaS9JV19KUDFzRUxWTQ {"name":"operations/c29jaWFsYXBlLTM2N2ZjL3VzLWNlbnRyYWwxL2FwaS9JV19KUDFzRUxWTQ","metadata":{"@type":"type.googleapis.com/google.cloud.functions.v1.OperationMetadataV1","target":"projects/socialape-367fc/locations/us-central1/functions/api","type":"UPDATE_FUNCTION","request":{"@type":"type.googleapis.com/google.cloud.functions.v1.CloudFunction","name":"projects/socialape-367fc/locations/us-central1/functions/api","httpsTrigger":{"url":"https://us-central1-socialape-367fc.cloudfunctions.net/api","securityLevel":"SECURE_OPTIONAL"},"status":"ACTIVE","entryPoint":"api","timeout":"60s","availableMemoryMb":256,"serviceAccountEmail":"socialape-367fc@appspot.gserviceaccount.com","updateTime":"2021-07-25T00:26:26.315Z","versionId":"7","labels":{"deployment-tool":"cli-firebase"},"sourceUploadUrl":"https://storage.googleapis.com/gcf-upload-us-central1-fe3fd6b7-21a2-4606-8e5e-ae5ddcd54ccf/5e0f964b-a21d-47fe-9204-067c2478787d.zip?GoogleAccessId=service-201105613195@gcf-admin-robot.iam.gserviceaccount.com&Expires=1627425280&Signature=dtfSHEaavNQH%2ByzJM%2FVQMVF5tupORRcQB1li%2BLczYCmHH0EoHYt5%2B0O0llkRWuR57TjDFvf3gQip0JPdTNK4dkja9nLtLl%2F4pMjN7iMBD5htQX8n5vfkIa1LMk66iXG%2Bcfr%2BgzNoEwGD7PuzMWYhj%2Bxzwn2g6BAICsqoD6Eqm3gjeX4V0gp9sToPLuttq%2BVBJakoGLlnToiHqHPDKnhP%2FrF2sWqePticyJPDk4UTVpyH6kctUT2G9S4%2BwXgqehUkzxjcDln3DVbDpnE9fJBedw6XuMPf1%2BKd1LDKWyCZ6Mp9YDFKsjov9QhEfkZOGYed94A683zSNY7ULyeOMKZIlA%3D%3D","environmentVariables":{"FIREBASE_CONFIG":"{\"projectId\":\"socialape-367fc\",\"storageBucket\":\"socialape-367fc.appspot.com\",\"locationId\":\"us-central\"}"},"runtime":"nodejs14","ingressSettings":"ALLOW_ALL","buildId":"b67c4354-5f6a-433e-8102-83ac0bf29f4d"},"versionId":"8","updateTime":"2021-07-27T22:04:41Z","buildId":"cb421cc8-2545-4df4-8d2c-ae78d0f5354c","buildName":"projects/201105613195/locations/us-central1/builds/cb421cc8-2545-4df4-8d2c-ae78d0f5354c"}}
[debug] [2021-07-27T22:04:49.973Z] [update-projects/socialape-367fc/locations/us-central1/functions/api] Retrying task index 0
[debug] [2021-07-27T22:04:49.974Z] >>> [apiv2][query] GET https://cloudfunctions.googleapis.com/v1/operations/c29jaWFsYXBlLTM2N2ZjL3VzLWNlbnRyYWwxL2FwaS9JV19KUDFzRUxWTQ [none]
[debug] [2021-07-27T22:04:50.179Z] <<< [apiv2][status] GET https://cloudfunctions.googleapis.com/v1/operations/c29jaWFsYXBlLTM2N2ZjL3VzLWNlbnRyYWwxL2FwaS9JV19KUDFzRUxWTQ 200
[debug] [2021-07-27T22:04:50.179Z] <<< [apiv2][body] GET https://cloudfunctions.googleapis.com/v1/operations/c29jaWFsYXBlLTM2N2ZjL3VzLWNlbnRyYWwxL2FwaS9JV19KUDFzRUxWTQ {"name":"operations/c29jaWFsYXBlLTM2N2ZjL3VzLWNlbnRyYWwxL2FwaS9JV19KUDFzRUxWTQ","metadata":{"@type":"type.googleapis.com/google.cloud.functions.v1.OperationMetadataV1","target":"projects/socialape-367fc/locations/us-central1/functions/api","type":"UPDATE_FUNCTION","request":{"@type":"type.googleapis.com/google.cloud.functions.v1.CloudFunction","name":"projects/socialape-367fc/locations/us-central1/functions/api","httpsTrigger":{"url":"https://us-central1-socialape-367fc.cloudfunctions.net/api","securityLevel":"SECURE_OPTIONAL"},"status":"ACTIVE","entryPoint":"api","timeout":"60s","availableMemoryMb":256,"serviceAccountEmail":"socialape-367fc@appspot.gserviceaccount.com","updateTime":"2021-07-25T00:26:26.315Z","versionId":"7","labels":{"deployment-tool":"cli-firebase"},"sourceUploadUrl":"https://storage.googleapis.com/gcf-upload-us-central1-fe3fd6b7-21a2-4606-8e5e-ae5ddcd54ccf/5e0f964b-a21d-47fe-9204-067c2478787d.zip?GoogleAccessId=service-201105613195@gcf-admin-robot.iam.gserviceaccount.com&Expires=1627425280&Signature=dtfSHEaavNQH%2ByzJM%2FVQMVF5tupORRcQB1li%2BLczYCmHH0EoHYt5%2B0O0llkRWuR57TjDFvf3gQip0JPdTNK4dkja9nLtLl%2F4pMjN7iMBD5htQX8n5vfkIa1LMk66iXG%2Bcfr%2BgzNoEwGD7PuzMWYhj%2Bxzwn2g6BAICsqoD6Eqm3gjeX4V0gp9sToPLuttq%2BVBJakoGLlnToiHqHPDKnhP%2FrF2sWqePticyJPDk4UTVpyH6kctUT2G9S4%2BwXgqehUkzxjcDln3DVbDpnE9fJBedw6XuMPf1%2BKd1LDKWyCZ6Mp9YDFKsjov9QhEfkZOGYed94A683zSNY7ULyeOMKZIlA%3D%3D","environmentVariables":{"FIREBASE_CONFIG":"{\"projectId\":\"socialape-367fc\",\"storageBucket\":\"socialape-367fc.appspot.com\",\"locationId\":\"us-central\"}"},"runtime":"nodejs14","ingressSettings":"ALLOW_ALL","buildId":"b67c4354-5f6a-433e-8102-83ac0bf29f4d"},"versionId":"8","updateTime":"2021-07-27T22:04:41Z","buildId":"cb421cc8-2545-4df4-8d2c-ae78d0f5354c","buildName":"projects/201105613195/locations/us-central1/builds/cb421cc8-2545-4df4-8d2c-ae78d0f5354c"}}
